<?xml version="1.0" encoding="UTF-8"?>
<!-- Generated by org.testng.reporters.JUnitReportReporter -->
<testsuite hostname="Pratik-THINK" name="SearchItems.HomeSearch" tests="1" failures="0" timestamp="3 Jan 2016 07:59:55 GMT" time="242.222" errors="0">
  <testcase name="test1" time="242.222" classname="SearchItems.HomeSearch"/>
</testsuite> <!-- SearchItems.HomeSearch -->
