<?xml version="1.0" encoding="UTF-8"?>
<!-- Generated by org.testng.reporters.JUnitReportReporter -->
<testsuite hostname="Pratik-THINK" name="home.Search" tests="1" failures="0" timestamp="3 Jan 2016 07:55:52 GMT" time="20.350" errors="0">
  <testcase name="test1" time="20.350" classname="home.Search"/>
</testsuite> <!-- home.Search -->
